<?xml version="1.0" encoding="UTF-8"?>
<!-- Generated by org.testng.reporters.JUnitReportReporter -->
<testsuite skipped="0" hostname="DESKTOP-LVKB36S" name="EndToEndApplicationScript" tests="1" failures="0" timestamp="17 May 2021 07:45:23 GMT" time="38.642" errors="0">
  <testcase name="testscenarios" time="38.642" classname="EndToEndApplicationScript"/>
</testsuite> <!-- EndToEndApplicationScript -->
