<?xml version="1.0" encoding="UTF-8"?>
<!-- Generated by org.testng.reporters.JUnitReportReporter -->
<testsuite skipped="0" hostname="DESKTOP-LVKB36S" name="backbase.Blog.TestScenario01" tests="2" failures="0" timestamp="04 Jul 2021 07:16:43 GMT" time="1.147" errors="0">
  <testcase name="testcase02" time="0.002" classname="backbase.Blog.TestScenario01"/>
  <testcase name="testcase01" time="1.145" classname="backbase.Blog.TestScenario01"/>
</testsuite> <!-- backbase.Blog.TestScenario01 -->
