<?xml version="1.0" encoding="UTF-8"?>
<!-- Generated by org.testng.reporters.JUnitReportReporter -->
<testsuite skipped="0" hostname="DESKTOP-LVKB36S" name="backbase.Blog.TestScenario01" tests="5" failures="0" timestamp="03 May 2021 10:58:59 GMT" time="40.777" errors="0">
  <testcase name="testcase02" time="1.094" classname="backbase.Blog.TestScenario01"/>
  <testcase name="testcase04" time="6.228" classname="backbase.Blog.TestScenario01"/>
  <testcase name="testcase01" time="14.256" classname="backbase.Blog.TestScenario01"/>
  <testcase name="testcase03" time="13.512" classname="backbase.Blog.TestScenario01"/>
  <testcase name="testcase05" time="5.687" classname="backbase.Blog.TestScenario01"/>
</testsuite> <!-- backbase.Blog.TestScenario01 -->
